========================================================================================
Report      : ERROR
Date        : Mon Apr 16 16:12:13 CDT 2018
Description : Splice-daemon failed to renew its lease within the configured lease expiry-time (10.000000000). The lease renewal took 1291.433483946 s.
Node        : addonovan2
Process     : uk <6538>
Thread      : OSPL Lease Renew Thread 7f450276f700
Internals   : V6.4.140320OSS/24b1387/24b1387/OpenSplice domain service/spliced.c/153/0/1523913133.523934921
========================================================================================
Report      : ERROR
Date        : Mon Apr 16 16:12:13 CDT 2018
Description : Durability failed to renew its lease within the configured lease expiry-time (10.000000000). The lease renewal took 1291.433302373 s.
Node        : addonovan2
Process     : uk <6538>
Thread      : leaseThread 7f4502458700
Internals   : V6.4.140320OSS/24b1387/24b1387/Durability Service/d_durability.c/182/0/1523913133.736697945
========================================================================================
Report      : ERROR
Date        : Wed Apr 18 14:11:22 CDT 2018
Description : Splice-daemon failed to renew its lease within the configured lease expiry-time (10.000000000). The lease renewal took 50.169958868 s.
Node        : addonovan2
Process     : uk <12427>
Thread      : OSPL Lease Renew Thread 7ffff2ec8700
Internals   : V6.4.140320OSS/24b1387/24b1387/OpenSplice domain service/spliced.c/153/0/1524078682.977015990
========================================================================================
Report      : ERROR
Date        : Wed Apr 18 14:11:22 CDT 2018
Description : Durability failed to renew its lease within the configured lease expiry-time (10.000000000). The lease renewal took 49.231923252 s.
Node        : addonovan2
Process     : uk <12427>
Thread      : leaseThread 7ffff2bc2700
Internals   : V6.4.140320OSS/24b1387/24b1387/Durability Service/d_durability.c/182/0/1524078682.983105319
